<?xml version="1.0" encoding="UTF-8"?>
<testng-results ignored="0" total="5" passed="5" failed="0" skipped="0">
  <reporter-output>
  </reporter-output>
  <suite started-at="2022-04-01T02:16:56 IST" name="OrangeHRM Application" finished-at="2022-04-01T02:17:38 IST" duration-ms="41725">
    <groups>
    </groups>
    <test started-at="2022-04-01T02:16:56 IST" name="LogInTest" finished-at="2022-04-01T02:17:38 IST" duration-ms="41725">
      <class name="com.POM.OrangeHRMHomePageTesting">
        <test-method is-config="true" signature="BrowserSetUp()[pri:0, instance:com.POM.OrangeHRMHomePageTesting@55a147cc]" started-at="2022-04-01T02:16:56 IST" name="BrowserSetUp" finished-at="2022-04-01T02:17:04 IST" duration-ms="8072" status="PASS">
          <reporter-output>
          </reporter-output>
        </test-method> <!-- BrowserSetUp -->
        <test-method signature="Facebook()[pri:0, instance:com.POM.OrangeHRMHomePageTesting@55a147cc]" started-at="2022-04-01T02:17:04 IST" name="Facebook" finished-at="2022-04-01T02:17:11 IST" duration-ms="6509" status="PASS">
          <reporter-output>
          </reporter-output>
        </test-method> <!-- Facebook -->
        <test-method signature="HomePage()[pri:0, instance:com.POM.OrangeHRMHomePageTesting@55a147cc]" started-at="2022-04-01T02:17:11 IST" name="HomePage" finished-at="2022-04-01T02:17:20 IST" duration-ms="9202" status="PASS">
          <reporter-output>
          </reporter-output>
        </test-method> <!-- HomePage -->
        <test-method signature="LinkedIn()[pri:0, instance:com.POM.OrangeHRMHomePageTesting@55a147cc]" started-at="2022-04-01T02:17:20 IST" name="LinkedIn" finished-at="2022-04-01T02:17:27 IST" duration-ms="6662" status="PASS">
          <reporter-output>
          </reporter-output>
        </test-method> <!-- LinkedIn -->
        <test-method signature="Twitter()[pri:0, instance:com.POM.OrangeHRMHomePageTesting@55a147cc]" started-at="2022-04-01T02:17:27 IST" name="Twitter" finished-at="2022-04-01T02:17:33 IST" duration-ms="6628" status="PASS">
          <reporter-output>
          </reporter-output>
        </test-method> <!-- Twitter -->
        <test-method signature="Youtube()[pri:0, instance:com.POM.OrangeHRMHomePageTesting@55a147cc]" started-at="2022-04-01T02:17:33 IST" name="Youtube" finished-at="2022-04-01T02:17:37 IST" duration-ms="3828" status="PASS">
          <reporter-output>
          </reporter-output>
        </test-method> <!-- Youtube -->
        <test-method is-config="true" signature="tearDown()[pri:0, instance:com.POM.OrangeHRMHomePageTesting@55a147cc]" started-at="2022-04-01T02:17:37 IST" name="tearDown" finished-at="2022-04-01T02:17:38 IST" duration-ms="760" status="PASS">
          <reporter-output>
          </reporter-output>
        </test-method> <!-- tearDown -->
      </class> <!-- com.POM.OrangeHRMHomePageTesting -->
    </test> <!-- LogInTest -->
  </suite> <!-- OrangeHRM Application -->
</testng-results>
