<?xml version="1.0" encoding="UTF-8"?>
<testng-results ignored="0" total="2" passed="2" failed="0" skipped="0">
  <reporter-output>
  </reporter-output>
  <suite started-at="2022-04-14T15:32:46 IST" name="Default suite" finished-at="2022-04-14T15:33:28 IST" duration-ms="41685">
    <groups>
    </groups>
    <test started-at="2022-04-14T15:32:46 IST" name="Default test" finished-at="2022-04-14T15:33:28 IST" duration-ms="41685">
      <class name="com.AutoIt.OrangeHRMProfilePic">
        <test-method is-config="true" signature="BrowserSetUp()[pri:0, instance:com.AutoIt.OrangeHRMProfilePic@76a4ebf2]" started-at="2022-04-14T15:32:46 IST" name="BrowserSetUp" finished-at="2022-04-14T15:32:53 IST" duration-ms="6144" status="PASS">
          <reporter-output>
          </reporter-output>
        </test-method> <!-- BrowserSetUp -->
        <test-method signature="logIn()[pri:0, instance:com.AutoIt.OrangeHRMProfilePic@76a4ebf2]" started-at="2022-04-14T15:32:53 IST" name="logIn" finished-at="2022-04-14T15:32:53 IST" duration-ms="276" status="PASS">
          <reporter-output>
          </reporter-output>
        </test-method> <!-- logIn -->
        <test-method signature="Registration()[pri:1, instance:com.AutoIt.OrangeHRMProfilePic@76a4ebf2]" started-at="2022-04-14T15:32:53 IST" name="Registration" finished-at="2022-04-14T15:33:27 IST" duration-ms="34426" status="PASS">
          <reporter-output>
          </reporter-output>
        </test-method> <!-- Registration -->
        <test-method is-config="true" signature="TearDown()[pri:0, instance:com.AutoIt.OrangeHRMProfilePic@76a4ebf2]" started-at="2022-04-14T15:33:27 IST" name="TearDown" finished-at="2022-04-14T15:33:28 IST" duration-ms="800" status="PASS">
          <reporter-output>
          </reporter-output>
        </test-method> <!-- TearDown -->
      </class> <!-- com.AutoIt.OrangeHRMProfilePic -->
    </test> <!-- Default test -->
  </suite> <!-- Default suite -->
</testng-results>
