<?xml version="1.0" encoding="UTF-8"?>
<!-- Generated by org.testng.reporters.JUnitXMLReporter -->
<testsuite ignored="0" hostname="Pranith" failures="0" tests="5" name="Default test" time="43.458" errors="0" timestamp="2022-04-01T02:12:16 IST">
  <testcase classname="com.POM.OrangeHRMHomePageTesting" name="Facebook" time="6.486"/>
  <testcase classname="com.POM.OrangeHRMHomePageTesting" name="HomePage" time="9.527"/>
  <testcase classname="com.POM.OrangeHRMHomePageTesting" name="LinkedIn" time="6.786"/>
  <testcase classname="com.POM.OrangeHRMHomePageTesting" name="Twitter" time="6.57"/>
  <testcase classname="com.POM.OrangeHRMHomePageTesting" name="Youtube" time="4.62"/>
</testsuite> <!-- Default test -->
