<?xml version="1.0" encoding="UTF-8"?>
<!-- Generated by org.testng.reporters.JUnitXMLReporter -->
<testsuite ignored="0" hostname="Pranith" failures="0" tests="5" name="LogInTest" time="41.725" errors="0" timestamp="2022-04-01T02:17:38 IST">
  <testcase classname="com.POM.OrangeHRMHomePageTesting" name="Facebook" time="6.509"/>
  <testcase classname="com.POM.OrangeHRMHomePageTesting" name="HomePage" time="9.202"/>
  <testcase classname="com.POM.OrangeHRMHomePageTesting" name="LinkedIn" time="6.662"/>
  <testcase classname="com.POM.OrangeHRMHomePageTesting" name="Twitter" time="6.628"/>
  <testcase classname="com.POM.OrangeHRMHomePageTesting" name="Youtube" time="3.828"/>
</testsuite> <!-- LogInTest -->
