<?xml version="1.0" encoding="UTF-8"?>
<testng-results ignored="0" total="1" passed="1" failed="0" skipped="0">
  <reporter-output>
  </reporter-output>
  <suite started-at="2022-04-11T13:29:26 IST" name="Default suite" finished-at="2022-04-11T13:29:41 IST" duration-ms="15142">
    <groups>
    </groups>
    <test started-at="2022-04-11T13:29:26 IST" name="Default test" finished-at="2022-04-11T13:29:41 IST" duration-ms="15142">
      <class name="com.OrangeHRM.LogInTest">
        <test-method is-config="true" signature="setUp()[pri:0, instance:com.OrangeHRM.LogInTest@2f217633]" started-at="2022-04-11T13:29:26 IST" name="setUp" finished-at="2022-04-11T13:29:35 IST" duration-ms="9041" status="PASS">
          <reporter-output>
          </reporter-output>
        </test-method> <!-- setUp -->
        <test-method signature="logIn()[pri:0, instance:com.OrangeHRM.LogInTest@2f217633]" started-at="2022-04-11T13:29:35 IST" name="logIn" finished-at="2022-04-11T13:29:40 IST" duration-ms="5395" status="PASS">
          <reporter-output>
          </reporter-output>
        </test-method> <!-- logIn -->
        <test-method is-config="true" signature="tearDown()[pri:0, instance:com.OrangeHRM.LogInTest@2f217633]" started-at="2022-04-11T13:29:40 IST" name="tearDown" finished-at="2022-04-11T13:29:41 IST" duration-ms="660" status="PASS">
          <reporter-output>
          </reporter-output>
        </test-method> <!-- tearDown -->
      </class> <!-- com.OrangeHRM.LogInTest -->
    </test> <!-- Default test -->
  </suite> <!-- Default suite -->
</testng-results>
