<?xml version="1.0" encoding="UTF-8"?>
<testng-results ignored="0" total="1" passed="1" failed="0" skipped="0">
  <reporter-output>
  </reporter-output>
  <suite started-at="2022-04-13T15:41:24 IST" name="Default suite" finished-at="2022-04-13T15:41:43 IST" duration-ms="18853">
    <groups>
    </groups>
    <test started-at="2022-04-13T15:41:24 IST" name="Default test" finished-at="2022-04-13T15:41:43 IST" duration-ms="18853">
      <class name="com.Database.Login">
        <test-method is-config="true" signature="setup()[pri:0, instance:com.Database.Login@6e6f2380]" started-at="2022-04-13T15:41:24 IST" name="setup" finished-at="2022-04-13T15:41:36 IST" duration-ms="12090" status="PASS">
          <reporter-output>
          </reporter-output>
        </test-method> <!-- setup -->
        <test-method signature="login()[pri:0, instance:com.Database.Login@6e6f2380]" started-at="2022-04-13T15:41:37 IST" name="login" finished-at="2022-04-13T15:41:42 IST" duration-ms="5438" status="PASS">
          <reporter-output>
          </reporter-output>
        </test-method> <!-- login -->
        <test-method is-config="true" signature="tearDown()[pri:0, instance:com.Database.Login@6e6f2380]" started-at="2022-04-13T15:41:42 IST" name="tearDown" finished-at="2022-04-13T15:41:43 IST" duration-ms="1264" status="PASS">
          <reporter-output>
          </reporter-output>
        </test-method> <!-- tearDown -->
      </class> <!-- com.Database.Login -->
    </test> <!-- Default test -->
  </suite> <!-- Default suite -->
</testng-results>
