<?xml version="1.0" encoding="UTF-8"?>
<testng-results ignored="0" total="1" passed="1" failed="0" skipped="0">
  <reporter-output>
  </reporter-output>
  <suite started-at="2022-04-11T12:54:19 IST" name="Default suite" finished-at="2022-04-11T12:54:33 IST" duration-ms="14322">
    <groups>
    </groups>
    <test started-at="2022-04-11T12:54:19 IST" name="Default test" finished-at="2022-04-11T12:54:33 IST" duration-ms="14322">
      <class name="com.OrangeHRM.LogInTest.LogIn">
        <test-method is-config="true" signature="setUp()[pri:0, instance:com.OrangeHRM.LogInTest.LogIn@2f217633]" started-at="2022-04-11T12:54:19 IST" name="setUp" finished-at="2022-04-11T12:54:27 IST" duration-ms="8632" status="PASS">
          <reporter-output>
          </reporter-output>
        </test-method> <!-- setUp -->
        <test-method signature="logIn()[pri:0, instance:com.OrangeHRM.LogInTest.LogIn@2f217633]" started-at="2022-04-11T12:54:27 IST" name="logIn" finished-at="2022-04-11T12:54:32 IST" duration-ms="4987" status="PASS">
          <reporter-output>
          </reporter-output>
        </test-method> <!-- logIn -->
        <test-method is-config="true" signature="tearDown()[pri:0, instance:com.OrangeHRM.LogInTest.LogIn@2f217633]" started-at="2022-04-11T12:54:32 IST" name="tearDown" finished-at="2022-04-11T12:54:33 IST" duration-ms="645" status="PASS">
          <reporter-output>
          </reporter-output>
        </test-method> <!-- tearDown -->
      </class> <!-- com.OrangeHRM.LogInTest.LogIn -->
    </test> <!-- Default test -->
  </suite> <!-- Default suite -->
</testng-results>
