<?xml version="1.0" encoding="UTF-8"?>
<testng-results ignored="0" total="2" passed="2" failed="0" skipped="0">
  <reporter-output>
  </reporter-output>
  <suite started-at="2022-04-12T18:57:46 IST" name="Default suite" finished-at="2022-04-12T18:58:06 IST" duration-ms="19790">
    <groups>
    </groups>
    <test started-at="2022-04-12T18:57:46 IST" name="Default test" finished-at="2022-04-12T18:58:06 IST" duration-ms="19790">
      <class name="com.GRID.DataProviderGrid">
        <test-method signature="LogInTest(java.lang.String,java.lang.String,java.lang.String)[pri:0, instance:com.GRID.DataProviderGrid@2d52216b]" started-at="2022-04-12T18:57:46 IST" name="LogInTest" data-provider="getData" finished-at="2022-04-12T18:58:06 IST" duration-ms="19725" status="PASS">
          <params>
            <param index="0">
              <value>
                <![CDATA[Admin]]>
              </value>
            </param>
            <param index="1">
              <value>
                <![CDATA[admin123]]>
              </value>
            </param>
            <param index="2">
              <value>
                <![CDATA[firefox]]>
              </value>
            </param>
          </params>
          <reporter-output>
          </reporter-output>
        </test-method> <!-- LogInTest -->
        <test-method signature="LogInTest(java.lang.String,java.lang.String,java.lang.String)[pri:0, instance:com.GRID.DataProviderGrid@2d52216b]" started-at="2022-04-12T18:57:46 IST" name="LogInTest" data-provider="getData" finished-at="2022-04-12T18:58:03 IST" duration-ms="16277" status="PASS">
          <params>
            <param index="0">
              <value>
                <![CDATA[Admin]]>
              </value>
            </param>
            <param index="1">
              <value>
                <![CDATA[admin123]]>
              </value>
            </param>
            <param index="2">
              <value>
                <![CDATA[chrome]]>
              </value>
            </param>
          </params>
          <reporter-output>
          </reporter-output>
        </test-method> <!-- LogInTest -->
      </class> <!-- com.GRID.DataProviderGrid -->
    </test> <!-- Default test -->
  </suite> <!-- Default suite -->
</testng-results>
